06-04 12:10:13 | Server | Debug | Connect | n/a | n/a | InvokeOnConnect:CustomMission<6da76d00>
06-04 12:10:13 | Server | Debug | Connect | n/a | n/a | Player connected:SurvivorBase<a7aa4620>
06-04 12:10:33 | Server | Debug | Connect | n/a | n/a | InvokeOnDisconnect:CustomMission<6da76d00>
06-04 12:10:33 | Server | Debug | Connect | n/a | n/a | Player disconnected:SurvivorBase<a7aa4620>
06-04 12:10:33 | Server | Debug | n/a | n/a | n/a | Player SurvivorBase<a7aa4620> saved as alive
06-04 13:44:51 | Server | Debug | Connect | n/a | n/a | InvokeOnConnect:CustomMission<6da8ac30>
06-04 13:44:51 | Server | Debug | Connect | n/a | n/a | Player connected:SurvivorBase<b2db0020>
06-04 13:46:42 | Server | Debug | Connect | n/a | n/a | InvokeOnConnect:CustomMission<47b8310>
06-04 13:46:42 | Server | Debug | Connect | n/a | n/a | Player connected:SurvivorBase<2867c120>
06-04 13:47:01 | Server | Debug | Connect | n/a | n/a | InvokeOnDisconnect:CustomMission<47b8310>
06-04 13:47:01 | Server | Debug | Connect | n/a | n/a | Player disconnected:SurvivorBase<2867c120>
06-04 13:47:01 | Server | Debug | n/a | n/a | n/a | Player SurvivorBase<2867c120> saved as alive
06-04 13:49:07 | Server | Debug | Connect | n/a | n/a | InvokeOnConnect:CustomMission<6db5d3b0>
06-04 13:49:07 | Server | Debug | Connect | n/a | n/a | Player connected:SurvivorBase<a839cee0>
06-04 13:55:22 | Server | Debug | Connect | n/a | n/a | InvokeOnConnect:CustomMission<6d0fa220>
06-04 13:55:22 | Server | Debug | Connect | n/a | n/a | Player connected:SurvivorBase<a974bfd0>
06-04 13:57:57 | Server | Debug | Connect | n/a | n/a | InvokeOnDisconnect:CustomMission<6d0fa220>
06-04 13:57:57 | Server | Debug | Connect | n/a | n/a | Player disconnected:SurvivorBase<a974bfd0>
06-04 13:57:57 | Server | Debug | n/a | n/a | n/a | Player SurvivorBase<a974bfd0> saved as alive
06-04 22:03:06 | Server | Debug | Connect | n/a | n/a | InvokeOnConnect:CustomMission<f27bd670>
06-04 22:03:06 | Server | Debug | Connect | n/a | n/a | Player connected:SurvivorBase<243488c0>
06-04 22:08:16 | Server | Debug | Connect | n/a | n/a | InvokeOnDisconnect:CustomMission<f27bd670>
06-04 22:08:16 | Server | Debug | Connect | n/a | n/a | Player disconnected:SurvivorBase<243488c0>
06-04 22:08:16 | Server | Debug | n/a | n/a | n/a | Player SurvivorBase<243488c0> saved as alive
06-04 22:20:16 | Server | Debug | Connect | n/a | n/a | InvokeOnConnect:CustomMission<f27bd670>
06-04 22:20:16 | Server | Debug | Connect | n/a | n/a | Player connected:SurvivorBase<4ed03020>
06-04 22:25:59 | Server | Debug | Connect | n/a | n/a | InvokeOnDisconnect:CustomMission<f27bd670>
06-04 22:25:59 | Server | Debug | Connect | n/a | n/a | Player disconnected:SurvivorBase<4ed03020>
06-04 22:25:59 | Server | Debug | n/a | n/a | n/a | Player SurvivorBase<4ed03020> saved as alive
06-04 22:44:53 | Server | Debug | Connect | n/a | n/a | InvokeOnConnect:CustomMission<f27bd670>
06-04 22:44:53 | Server | Debug | Connect | n/a | n/a | Player connected:SurvivorBase<577eac50>
06-04 22:45:07 | Server | Debug | Connect | n/a | n/a | InvokeOnDisconnect:CustomMission<f27bd670>
06-04 22:45:07 | Server | Debug | Connect | n/a | n/a | Player disconnected:SurvivorBase<577eac50>
06-04 22:45:07 | Server | Debug | n/a | n/a | n/a | Player SurvivorBase<577eac50> saved as alive
06-04 23:12:50 | Server | Debug | Connect | n/a | n/a | InvokeOnConnect:CustomMission<7ea26210>
06-04 23:12:50 | Server | Debug | Connect | n/a | n/a | Player connected:SurvivorBase<b2ffdac0>
06-04 23:13:16 | Server | Debug | Connect | n/a | n/a | InvokeOnDisconnect:CustomMission<7ea26210>
06-04 23:13:16 | Server | Debug | Connect | n/a | n/a | Player disconnected:SurvivorBase<b2ffdac0>
06-04 23:13:16 | Server | Debug | n/a | n/a | n/a | Player SurvivorBase<b2ffdac0> saved as alive
06-05 02:55:51 | Server | Debug | Connect | n/a | n/a | InvokeOnConnect:CustomMission<ee792b30>
06-05 02:55:51 | Server | Debug | Connect | n/a | n/a | Player connected:SurvivorBase<3168a340>
06-05 02:58:39 | Server | Debug | Connect | n/a | n/a | InvokeOnConnect:CustomMission<ee792b30>
06-05 02:58:39 | Server | Debug | Connect | n/a | n/a | Player connected:SurvivorBase<5989c010>
06-05 03:00:19 | Server | Debug | Connect | n/a | n/a | InvokeOnDisconnect:CustomMission<ee792b30>
06-05 03:00:19 | Server | Debug | Connect | n/a | n/a | Player disconnected:SurvivorBase<5989c010>
06-05 03:00:19 | Server | Debug | n/a | n/a | n/a | Player SurvivorBase<5989c010> saved as alive
06-05 08:47:12 | Server | Debug | Connect | n/a | n/a | InvokeOnConnect:CustomMission<72d88ed0>
06-05 08:47:12 | Server | Debug | Connect | n/a | n/a | Player connected:SurvivorBase<791268d0>
06-05 08:52:39 | Server | Debug | Connect | n/a | n/a | InvokeOnDisconnect:CustomMission<72d88ed0>
06-05 08:52:39 | Server | Debug | Connect | n/a | n/a | Player disconnected:SurvivorBase<791268d0>
06-05 08:52:39 | Server | Debug | n/a | n/a | n/a | Player SurvivorBase<791268d0> saved as alive
06-05 10:33:16 | Server | Debug | Connect | n/a | n/a | InvokeOnConnect:CustomMission<f1ffa590>
06-05 10:33:16 | Server | Debug | Connect | n/a | n/a | Player connected:SurvivorBase<dcf17a60>
06-05 10:35:30 | Server | Debug | Connect | n/a | n/a | InvokeOnDisconnect:CustomMission<f1ffa590>
06-05 10:35:30 | Server | Debug | Connect | n/a | n/a | Player disconnected:SurvivorBase<dcf17a60>
06-05 10:35:30 | Server | Debug | n/a | n/a | n/a | Player SurvivorBase<dcf17a60> saved as alive
06-05 10:59:18 | Server | Debug | Connect | n/a | n/a | InvokeOnConnect:CustomMission<f0e15420>
06-05 10:59:18 | Server | Debug | Connect | n/a | n/a | Player connected:SurvivorBase<27e09150>
06-05 10:59:47 | Server | Debug | Connect | n/a | n/a | InvokeOnDisconnect:CustomMission<f0e15420>
06-05 10:59:47 | Server | Debug | Connect | n/a | n/a | Player disconnected:SurvivorBase<27e09150>
06-05 10:59:47 | Server | Debug | n/a | n/a | n/a | Player SurvivorBase<27e09150> saved as alive
06-05 11:43:57 | Server | Debug | Connect | n/a | n/a | InvokeOnConnect:CustomMission<eca6cd60>
06-05 11:43:57 | Server | Debug | Connect | n/a | n/a | Player connected:SurvivorBase<36263060>
06-05 11:48:06 | Server | Debug | Connect | n/a | n/a | InvokeOnConnect:CustomMission<f19d81c0>
06-05 11:48:06 | Server | Debug | Connect | n/a | n/a | Player connected:SurvivorBase<475c94a0>
06-05 11:54:15 | Server | Debug | Connect | n/a | n/a | InvokeOnConnect:CustomMission<f7910770>
06-05 11:54:15 | Server | Debug | Connect | n/a | n/a | Player connected:SurvivorBase<36ac1140>
06-05 11:57:28 | Server | Debug | Connect | n/a | n/a | InvokeOnConnect:CustomMission<8496be60>
06-05 11:57:28 | Server | Debug | Connect | n/a | n/a | Player connected:SurvivorBase<3567c160>
06-05 11:59:01 | Server | Debug | Connect | n/a | n/a | InvokeOnConnect:CustomMission<f21cd870>
06-05 11:59:01 | Server | Debug | Connect | n/a | n/a | Player connected:SurvivorBase<2618cab0>
06-05 12:14:43 | Server | Debug | Connect | n/a | n/a | InvokeOnConnect:CustomMission<f31fa090>
06-05 12:14:43 | Server | Debug | Connect | n/a | n/a | Player connected:SurvivorBase<34c64be0>
06-05 12:15:46 | Server | Debug | Connect | n/a | n/a | InvokeOnDisconnect:CustomMission<f31fa090>
06-05 12:15:46 | Server | Debug | Connect | n/a | n/a | Player disconnected:SurvivorBase<34c64be0>
06-05 12:15:46 | Server | Debug | n/a | n/a | n/a | Player SurvivorBase<34c64be0> saved as alive
06-05 12:24:07 | Server | Debug | Connect | n/a | n/a | InvokeOnConnect:CustomMission<720255d0>
06-05 12:24:07 | Server | Debug | Connect | n/a | n/a | Player connected:SurvivorBase<cb5e8060>
06-05 12:55:27 | Server | Debug | Connect | n/a | n/a | InvokeOnConnect:CustomMission<71c23eb0>
06-05 12:55:27 | Server | Debug | Connect | n/a | n/a | Player connected:SurvivorBase<a944e3f0>
06-05 12:56:36 | Server | Debug | Connect | n/a | n/a | InvokeOnDisconnect:CustomMission<71c23eb0>
06-05 12:56:36 | Server | Debug | Connect | n/a | n/a | Player disconnected:SurvivorBase<a944e3f0>
06-05 12:56:36 | Server | Debug | n/a | n/a | n/a | Player SurvivorBase<a944e3f0> saved as alive
06-05 13:48:05 | Server | Debug | Connect | n/a | n/a | InvokeOnConnect:CustomMission<7163ed00>
06-05 13:48:05 | Server | Debug | Connect | n/a | n/a | Player connected:SurvivorBase<b3775120>
06-05 13:56:47 | Server | Debug | Connect | n/a | n/a | InvokeOnDisconnect:CustomMission<7163ed00>
06-05 13:56:47 | Server | Debug | Connect | n/a | n/a | Player disconnected:SurvivorBase<b3775120>
06-05 13:56:47 | Server | Debug | n/a | n/a | n/a | Player SurvivorBase<b3775120> saved as alive
06-05 13:59:17 | Server | Debug | Connect | n/a | n/a | InvokeOnConnect:CustomMission<f0f96300>
06-05 13:59:17 | Server | Debug | Connect | n/a | n/a | Player connected:SurvivorBase<36252020>
06-05 14:00:40 | Server | Debug | Connect | n/a | n/a | InvokeOnDisconnect:CustomMission<f0f96300>
06-05 14:00:40 | Server | Debug | Connect | n/a | n/a | Player disconnected:SurvivorBase<36252020>
06-05 14:00:40 | Server | Debug | n/a | n/a | n/a | Player SurvivorBase<36252020> saved as alive
06-05 20:40:09 | Server | Debug | Connect | n/a | n/a | InvokeOnConnect:CustomMission<71297c00>
06-05 20:40:09 | Server | Debug | Connect | n/a | n/a | Player connected:SurvivorBase<b44440b0>
06-05 20:48:40 | Server | Debug | Connect | n/a | n/a | InvokeOnDisconnect:CustomMission<71297c00>
06-05 20:48:40 | Server | Debug | Connect | n/a | n/a | Player disconnected:SurvivorBase<b44440b0>
06-05 20:48:40 | Server | Debug | n/a | n/a | n/a | Player SurvivorBase<b44440b0> saved as alive
06-05 20:58:54 | Server | Debug | Connect | n/a | n/a | InvokeOnConnect:CustomMission<71297c00>
06-05 20:58:54 | Server | Debug | Connect | n/a | n/a | Player connected:SurvivorBase<b4444050>
06-05 23:26:00 | Server | Debug | Connect | n/a | n/a | InvokeOnConnect:CustomMission<71ed2700>
06-05 23:26:00 | Server | Debug | Connect | n/a | n/a | Player connected:SurvivorBase<bad21a40>
06-05 23:29:24 | Server | Debug | Connect | n/a | n/a | InvokeOnDisconnect:CustomMission<71ed2700>
06-05 23:29:24 | Server | Debug | Connect | n/a | n/a | Player disconnected:SurvivorBase<bad21a40>
06-05 23:29:24 | Server | Debug | n/a | n/a | n/a | Player SurvivorBase<bad21a40> saved as alive
06-05 23:36:50 | Server | Debug | Connect | n/a | n/a | InvokeOnConnect:CustomMission<76791230>
06-05 23:36:50 | Server | Debug | Connect | n/a | n/a | Player connected:SurvivorBase<b8708150>
06-05 23:37:16 | Server | Debug | Connect | n/a | n/a | InvokeOnDisconnect:CustomMission<76791230>
06-05 23:37:16 | Server | Debug | Connect | n/a | n/a | Player disconnected:SurvivorBase<b8708150>
06-05 23:37:16 | Server | Debug | n/a | n/a | n/a | Player SurvivorBase<b8708150> saved as alive
06-05 23:40:41 | Server | Debug | Connect | n/a | n/a | InvokeOnConnect:CustomMission<719cc1f0>
06-05 23:40:41 | Server | Debug | Connect | n/a | n/a | Player connected:SurvivorBase<c9f111d0>
06-05 23:40:57 | Server | Debug | Connect | n/a | n/a | InvokeOnDisconnect:CustomMission<719cc1f0>
06-05 23:40:57 | Server | Debug | Connect | n/a | n/a | Player disconnected:SurvivorBase<c9f111d0>
06-05 23:40:57 | Server | Debug | n/a | n/a | n/a | Player SurvivorBase<c9f111d0> saved as alive
06-05 23:46:14 | Server | Debug | Connect | n/a | n/a | InvokeOnConnect:CustomMission<6f0b7b70>
06-05 23:46:14 | Server | Debug | Connect | n/a | n/a | Player connected:SurvivorBase<b646ea60>
06-05 23:47:50 | Server | Debug | Connect | n/a | n/a | InvokeOnConnect:CustomMission<71aeff40>
06-05 23:47:50 | Server | Debug | Connect | n/a | n/a | Player connected:SurvivorBase<c58d0330>
06-05 23:49:33 | Server | Debug | Connect | n/a | n/a | InvokeOnConnect:CustomMission<6d8dcba0>
06-05 23:49:33 | Server | Debug | Connect | n/a | n/a | Player connected:SurvivorBase<a60d8d20>
06-05 23:49:56 | Server | Debug | Connect | n/a | n/a | InvokeOnDisconnect:CustomMission<6d8dcba0>
06-05 23:49:56 | Server | Debug | Connect | n/a | n/a | Player disconnected:SurvivorBase<a60d8d20>
06-05 23:49:56 | Server | Debug | n/a | n/a | n/a | Player SurvivorBase<a60d8d20> saved as alive
06-05 23:54:44 | Server | Debug | Connect | n/a | n/a | InvokeOnConnect:CustomMission<fbdba440>
06-05 23:54:44 | Server | Debug | Connect | n/a | n/a | Player connected:SurvivorBase<4cc32110>
06-05 23:56:51 | Server | Debug | Connect | n/a | n/a | InvokeOnConnect:CustomMission<760ba000>
06-05 23:56:51 | Server | Debug | Connect | n/a | n/a | Player connected:SurvivorBase<a5612130>
06-05 23:59:06 | Server | Debug | Connect | n/a | n/a | InvokeOnConnect:CustomMission<70f610a0>
06-05 23:59:06 | Server | Debug | Connect | n/a | n/a | Player connected:SurvivorBase<b42610b0>
06-06 00:00:07 | Server | Debug | Connect | n/a | n/a | InvokeOnDisconnect:CustomMission<70f610a0>
06-06 00:00:07 | Server | Debug | Connect | n/a | n/a | Player disconnected:SurvivorBase<b42610b0>
06-06 00:00:07 | Server | Debug | n/a | n/a | n/a | Player SurvivorBase<b42610b0> saved as alive
06-06 00:03:35 | Server | Debug | Connect | n/a | n/a | InvokeOnConnect:CustomMission<6d9ab210>
06-06 00:03:35 | Server | Debug | Connect | n/a | n/a | Player connected:SurvivorBase<a601ec50>
06-06 00:05:56 | Server | Debug | Connect | n/a | n/a | InvokeOnConnect:CustomMission<78857990>
06-06 00:05:56 | Server | Debug | Connect | n/a | n/a | Player connected:SurvivorBase<b3520050>
06-06 00:07:48 | Server | Debug | Connect | n/a | n/a | InvokeOnConnect:CustomMission<f1777f60>
06-06 00:07:48 | Server | Debug | Connect | n/a | n/a | Player connected:SurvivorBase<34a44b20>
06-06 00:11:26 | Server | Debug | Connect | n/a | n/a | InvokeOnConnect:CustomMission<71d1c870>
06-06 00:11:26 | Server | Debug | Connect | n/a | n/a | Player connected:SurvivorBase<b66bc050>
06-06 00:20:56 | Server | Debug | Connect | n/a | n/a | InvokeOnConnect:CustomMission<ec882070>
06-06 00:20:56 | Server | Debug | Connect | n/a | n/a | Player connected:SurvivorBase<34ad9e70>
06-06 00:22:44 | Server | Debug | Connect | n/a | n/a | InvokeOnConnect:CustomMission<f71ecd80>
06-06 00:22:44 | Server | Debug | Connect | n/a | n/a | Player connected:SurvivorBase<15c87650>
06-06 00:25:11 | Server | Debug | Connect | n/a | n/a | InvokeOnConnect:CustomMission<6dd03fa0>
06-06 00:25:11 | Server | Debug | Connect | n/a | n/a | Player connected:SurvivorBase<b73d6fa0>
06-06 00:30:19 | Server | Debug | Connect | n/a | n/a | InvokeOnConnect:CustomMission<7725f940>
06-06 00:30:19 | Server | Debug | Connect | n/a | n/a | Player connected:SurvivorBase<b5df40b0>
06-06 00:32:31 | Server | Debug | Connect | n/a | n/a | InvokeOnConnect:CustomMission<71c8b930>
06-06 00:32:31 | Server | Debug | Connect | n/a | n/a | Player connected:SurvivorBase<b597fc40>
06-06 00:34:28 | Server | Debug | Connect | n/a | n/a | InvokeOnConnect:CustomMission<6d853530>
06-06 00:34:28 | Server | Debug | Connect | n/a | n/a | Player connected:SurvivorBase<b692c190>
06-06 00:36:37 | Server | Debug | Connect | n/a | n/a | InvokeOnConnect:CustomMission<f23c1a40>
06-06 00:36:37 | Server | Debug | Connect | n/a | n/a | Player connected:SurvivorBase<277d7a20>
06-06 00:36:58 | Server | Debug | Connect | n/a | n/a | InvokeOnDisconnect:CustomMission<f23c1a40>
06-06 00:36:58 | Server | Debug | Connect | n/a | n/a | Player disconnected:SurvivorBase<277d7a20>
06-06 00:36:58 | Server | Debug | n/a | n/a | n/a | Player SurvivorBase<277d7a20> saved as alive
06-06 00:38:42 | Server | Debug | Connect | n/a | n/a | InvokeOnConnect:CustomMission<f23c1a40>
06-06 00:38:42 | Server | Debug | Connect | n/a | n/a | Player connected:SurvivorBase<27753b30>
06-06 00:39:57 | Server | Debug | Connect | n/a | n/a | InvokeOnConnect:CustomMission<71825250>
06-06 00:39:57 | Server | Debug | Connect | n/a | n/a | Player connected:SurvivorBase<b9bd64f0>
06-06 00:40:12 | Server | Debug | Connect | n/a | n/a | InvokeOnDisconnect:CustomMission<71825250>
06-06 00:40:12 | Server | Debug | Connect | n/a | n/a | Player disconnected:SurvivorBase<b9bd64f0>
06-06 00:40:12 | Server | Debug | n/a | n/a | n/a | Player SurvivorBase<b9bd64f0> saved as alive
06-06 00:43:09 | Server | Debug | Connect | n/a | n/a | InvokeOnConnect:CustomMission<f2106560>
06-06 00:43:09 | Server | Debug | Connect | n/a | n/a | Player connected:SurvivorBase<364ea020>
06-06 00:43:42 | Server | Debug | Connect | n/a | n/a | InvokeOnDisconnect:CustomMission<f2106560>
06-06 00:43:42 | Server | Debug | Connect | n/a | n/a | Player disconnected:SurvivorBase<364ea020>
06-06 00:43:42 | Server | Debug | n/a | n/a | n/a | Player SurvivorBase<364ea020> saved as alive
06-06 00:45:25 | Server | Debug | Connect | n/a | n/a | InvokeOnConnect:CustomMission<772c3090>
06-06 00:45:25 | Server | Debug | Connect | n/a | n/a | Player connected:SurvivorBase<b878b9b0>
06-06 00:47:27 | Server | Debug | Connect | n/a | n/a | InvokeOnConnect:CustomMission<72cc3fd0>
06-06 00:47:27 | Server | Debug | Connect | n/a | n/a | Player connected:SurvivorBase<b36e1f60>
06-06 00:48:55 | Server | Debug | Connect | n/a | n/a | InvokeOnConnect:CustomMission<f06f58b0>
06-06 00:48:55 | Server | Debug | Connect | n/a | n/a | Player connected:SurvivorBase<39714010>
06-06 00:58:42 | Server | Debug | Connect | n/a | n/a | InvokeOnDisconnect:CustomMission<f06f58b0>
06-06 00:58:42 | Server | Debug | Connect | n/a | n/a | Player disconnected:SurvivorBase<39714010>
06-06 00:58:42 | Server | Debug | n/a | n/a | n/a | Player SurvivorBase<39714010> saved as alive
06-06 12:27:44 | Server | Debug | Connect | n/a | n/a | InvokeOnConnect:CustomMission<6dde2540>
06-06 12:27:44 | Server | Debug | Connect | n/a | n/a | Player connected:SurvivorBase<af7f1ac0>
06-06 12:35:45 | Server | Debug | Connect | n/a | n/a | InvokeOnConnect:CustomMission<ecd03610>
06-06 12:35:45 | Server | Debug | Connect | n/a | n/a | Player connected:SurvivorBase<3279ab10>
06-06 12:38:15 | Server | Debug | Connect | n/a | n/a | InvokeOnConnect:CustomMission<ed93d770>
06-06 12:38:15 | Server | Debug | Connect | n/a | n/a | Player connected:SurvivorBase<30b40120>
06-06 12:41:13 | Server | Debug | Connect | n/a | n/a | InvokeOnConnect:CustomMission<edac29b0>
06-06 12:41:13 | Server | Debug | Connect | n/a | n/a | Player connected:SurvivorBase<32473230>
06-06 12:45:32 | Server | Debug | Connect | n/a | n/a | InvokeOnConnect:CustomMission<72d52d60>
06-06 12:45:32 | Server | Debug | Connect | n/a | n/a | Player connected:SurvivorBase<dd8d3050>
06-06 12:47:57 | Server | Debug | Connect | n/a | n/a | InvokeOnConnect:CustomMission<6dd33380>
06-06 12:47:57 | Server | Debug | Connect | n/a | n/a | Player connected:SurvivorBase<4c294900>
06-06 12:51:34 | Server | Debug | Connect | n/a | n/a | InvokeOnConnect:CustomMission<6d50d6e0>
06-06 12:51:34 | Server | Debug | Connect | n/a | n/a | Player connected:SurvivorBase<9d2630e0>
06-06 12:53:11 | Server | Debug | Connect | n/a | n/a | InvokeOnConnect:CustomMission<77930f50>
06-06 12:53:11 | Server | Debug | Connect | n/a | n/a | Player connected:SurvivorBase<d0d8e5f0>
06-06 13:18:17 | Server | Debug | Connect | n/a | n/a | InvokeOnConnect:CustomMission<6dc9d850>
06-06 13:18:17 | Server | Debug | Connect | n/a | n/a | Player connected:SurvivorBase<b0d60230>
06-06 13:18:44 | Server | Debug | Connect | n/a | n/a | InvokeOnDisconnect:CustomMission<6dc9d850>
06-06 13:18:44 | Server | Debug | Connect | n/a | n/a | Player disconnected:SurvivorBase<b0d60230>
06-06 13:18:44 | Server | Debug | n/a | n/a | n/a | Player SurvivorBase<b0d60230> saved as alive
06-06 13:53:27 | Server | Debug | Connect | n/a | n/a | InvokeOnConnect:CustomMission<ee66b330>
06-06 13:53:27 | Server | Debug | Connect | n/a | n/a | Player connected:SurvivorBase<33783610>
06-06 13:54:48 | Server | Debug | Connect | n/a | n/a | InvokeOnDisconnect:CustomMission<ee66b330>
06-06 13:54:48 | Server | Debug | Connect | n/a | n/a | Player disconnected:SurvivorBase<33783610>
06-06 13:54:48 | Server | Debug | n/a | n/a | n/a | Player SurvivorBase<33783610> saved as alive
06-06 14:07:53 | Server | Debug | Connect | n/a | n/a | InvokeOnConnect:CustomMission<737f5fc0>
06-06 14:07:53 | Server | Debug | Connect | n/a | n/a | Player connected:SurvivorBase<b2d3f0c0>
06-06 14:35:25 | Server | Debug | Connect | n/a | n/a | InvokeOnDisconnect:CustomMission<737f5fc0>
06-06 14:35:25 | Server | Debug | Connect | n/a | n/a | Player disconnected:SurvivorBase<b2d3f0c0>
06-06 14:35:25 | Server | Debug | n/a | n/a | n/a | Player SurvivorBase<b2d3f0c0> saved as alive
06-06 14:37:02 | Server | Debug | Connect | n/a | n/a | InvokeOnConnect:CustomMission<737f5fc0>
06-06 14:37:02 | Server | Debug | Connect | n/a | n/a | Player connected:SurvivorBase<b2d3f0c0>
06-06 16:04:01 | Server | Debug | Connect | n/a | n/a | InvokeOnDisconnect:CustomMission<737f5fc0>
06-06 16:04:01 | Server | Debug | Connect | n/a | n/a | Player disconnected:SurvivorBase<b2d3f0c0>
06-06 16:04:01 | Server | Debug | n/a | n/a | n/a | Player SurvivorBase<b2d3f0c0> saved as alive
06-06 20:11:48 | Server | Debug | Connect | n/a | n/a | InvokeOnConnect:CustomMission<728a90f0>
06-06 20:11:48 | Server | Debug | Connect | n/a | n/a | Player connected:SurvivorBase<67cc5d40>
06-06 20:16:21 | Server | Debug | Connect | n/a | n/a | InvokeOnConnect:CustomMission<72cac880>
06-06 20:16:21 | Server | Debug | Connect | n/a | n/a | Player connected:SurvivorBase<d61b7030>
06-06 20:24:56 | Server | Debug | Connect | n/a | n/a | InvokeOnConnect:CustomMission<ed4cf8e0>
06-06 20:24:56 | Server | Debug | Connect | n/a | n/a | Player connected:SurvivorBase<2e6fa190>
06-06 20:31:50 | Server | Debug | Connect | n/a | n/a | InvokeOnConnect:CustomMission<f1a66ff0>
06-06 20:31:50 | Server | Debug | Connect | n/a | n/a | Player connected:SurvivorBase<2dcdffc0>
06-06 20:40:04 | Server | Debug | Connect | n/a | n/a | InvokeOnConnect:CustomMission<6d971250>
06-06 20:40:04 | Server | Debug | Connect | n/a | n/a | Player connected:SurvivorBase<b1309150>
06-06 20:42:47 | Server | Debug | Connect | n/a | n/a | InvokeOnConnect:CustomMission<6dc29a20>
06-06 20:42:47 | Server | Debug | Connect | n/a | n/a | Player connected:SurvivorBase<b2ef6ad0>
06-06 20:45:25 | Server | Debug | Connect | n/a | n/a | InvokeOnConnect:CustomMission<ed1b0070>
06-06 20:45:25 | Server | Debug | Connect | n/a | n/a | Player connected:SurvivorBase<36a19380>
06-06 20:47:14 | Server | Debug | Connect | n/a | n/a | InvokeOnConnect:CustomMission<edcab6b0>
06-06 20:47:14 | Server | Debug | Connect | n/a | n/a | Player connected:SurvivorBase<2e5a10b0>
06-06 20:49:33 | Server | Debug | Connect | n/a | n/a | InvokeOnConnect:CustomMission<edf6a7e0>
06-06 20:49:33 | Server | Debug | Connect | n/a | n/a | Player connected:SurvivorBase<2f144080>
06-06 20:52:47 | Server | Debug | Connect | n/a | n/a | InvokeOnConnect:CustomMission<498e1d0>
06-06 20:52:47 | Server | Debug | Connect | n/a | n/a | Player connected:SurvivorBase<3123a020>
06-06 20:55:53 | Server | Debug | Connect | n/a | n/a | InvokeOnConnect:CustomMission<737e3860>
06-06 20:55:53 | Server | Debug | Connect | n/a | n/a | Player connected:SurvivorBase<b1d2f200>
06-06 21:01:31 | Server | Debug | Connect | n/a | n/a | InvokeOnConnect:CustomMission<f1e611f0>
06-06 21:01:31 | Server | Debug | Connect | n/a | n/a | Player connected:SurvivorBase<2e9d93e0>
06-06 21:03:08 | Server | Debug | Connect | n/a | n/a | InvokeOnConnect:CustomMission<6f1d73f0>
06-06 21:03:08 | Server | Debug | Connect | n/a | n/a | Player connected:SurvivorBase<9c8350e0>
06-06 21:06:09 | Server | Debug | Connect | n/a | n/a | InvokeOnConnect:CustomMission<ee180010>
06-06 21:06:09 | Server | Debug | Connect | n/a | n/a | Player connected:SurvivorBase<d07dc170>
06-06 21:08:06 | Server | Debug | Connect | n/a | n/a | InvokeOnConnect:CustomMission<72c54450>
06-06 21:08:06 | Server | Debug | Connect | n/a | n/a | Player connected:SurvivorBase<c03476e0>
06-06 21:10:44 | Server | Debug | Connect | n/a | n/a | InvokeOnConnect:CustomMission<8472bba0>
06-06 21:10:44 | Server | Debug | Connect | n/a | n/a | Player connected:SurvivorBase<c2cf50f0>
06-06 21:15:14 | Server | Debug | Connect | n/a | n/a | InvokeOnConnect:CustomMission<ee94fac0>
06-06 21:15:14 | Server | Debug | Connect | n/a | n/a | Player connected:SurvivorBase<37e000d0>
06-06 21:28:44 | Server | Debug | Connect | n/a | n/a | InvokeOnConnect:CustomMission<edb69f40>
06-06 21:28:44 | Server | Debug | Connect | n/a | n/a | Player connected:SurvivorBase<50bbf890>
06-06 21:34:48 | Server | Debug | Connect | n/a | n/a | InvokeOnConnect:CustomMission<f0d1a280>
06-06 21:34:48 | Server | Debug | Connect | n/a | n/a | Player connected:SurvivorBase<30c06900>
06-06 21:37:36 | Server | Debug | Connect | n/a | n/a | InvokeOnConnect:CustomMission<6cf45880>
06-06 21:37:36 | Server | Debug | Connect | n/a | n/a | Player connected:SurvivorBase<cf121180>
06-06 21:39:16 | Server | Debug | Connect | n/a | n/a | InvokeOnConnect:CustomMission<f29f3db0>
06-06 21:39:16 | Server | Debug | Connect | n/a | n/a | Player connected:SurvivorBase<2bf760c0>
06-06 21:42:11 | Server | Debug | Connect | n/a | n/a | InvokeOnConnect:CustomMission<6d5d8a30>
06-06 21:42:11 | Server | Debug | Connect | n/a | n/a | Player connected:SurvivorBase<afc0ce30>
06-06 21:45:48 | Server | Debug | Connect | n/a | n/a | InvokeOnConnect:CustomMission<7bb03840>
06-06 21:45:48 | Server | Debug | Connect | n/a | n/a | Player connected:SurvivorBase<af11c020>
06-06 21:48:13 | Server | Debug | Connect | n/a | n/a | InvokeOnConnect:CustomMission<724a0f10>
06-06 21:48:13 | Server | Debug | Connect | n/a | n/a | Player connected:SurvivorBase<ae835270>
06-06 21:53:49 | Server | Debug | Connect | n/a | n/a | InvokeOnConnect:CustomMission<725a40d0>
06-06 21:53:49 | Server | Debug | Connect | n/a | n/a | Player connected:SurvivorBase<c0c26170>
06-06 21:56:07 | Server | Debug | Connect | n/a | n/a | InvokeOnConnect:CustomMission<6a246ad0>
06-06 21:56:07 | Server | Debug | Connect | n/a | n/a | Player connected:SurvivorBase<adc89150>
06-06 21:57:52 | Server | Debug | Connect | n/a | n/a | InvokeOnConnect:CustomMission<72a16990>
06-06 21:57:52 | Server | Debug | Connect | n/a | n/a | Player connected:SurvivorBase<e1dd80f0>
06-06 22:02:21 | Server | Debug | Connect | n/a | n/a | InvokeOnConnect:CustomMission<33928570>
06-06 22:02:21 | Server | Debug | Connect | n/a | n/a | Player connected:SurvivorBase<43a6a030>
06-06 22:03:19 | Server | Debug | Connect | n/a | n/a | InvokeOnDisconnect:CustomMission<33928570>
06-06 22:03:19 | Server | Debug | Connect | n/a | n/a | Player disconnected:SurvivorBase<43a6a030>
06-06 22:03:19 | Server | Debug | n/a | n/a | n/a | Player SurvivorBase<43a6a030> saved as alive
06-06 22:09:01 | Server | Debug | Connect | n/a | n/a | InvokeOnConnect:CustomMission<ed5fda30>
06-06 22:09:01 | Server | Debug | Connect | n/a | n/a | Player connected:SurvivorBase<311dcfd0>
06-06 22:23:18 | Server | Debug | Connect | n/a | n/a | InvokeOnDisconnect:CustomMission<ed5fda30>
06-06 22:23:18 | Server | Debug | Connect | n/a | n/a | Player disconnected:SurvivorBase<311dcfd0>
06-06 22:23:18 | Server | Debug | n/a | n/a | n/a | Player SurvivorBase<311dcfd0> saved as alive
06-06 22:24:40 | Server | Debug | Connect | n/a | n/a | InvokeOnConnect:CustomMission<ed5fda30>
06-06 22:24:40 | Server | Debug | Connect | n/a | n/a | Player connected:SurvivorBase<5b821010>
06-06 22:26:51 | Server | Debug | Connect | n/a | n/a | InvokeOnDisconnect:CustomMission<ed5fda30>
06-06 22:26:51 | Server | Debug | Connect | n/a | n/a | Player disconnected:SurvivorBase<5b821010>
06-06 22:26:51 | Server | Debug | n/a | n/a | n/a | Player SurvivorBase<5b821010> saved as alive
06-06 22:28:07 | Server | Debug | Connect | n/a | n/a | InvokeOnConnect:CustomMission<ed1d1dd0>
06-06 22:28:07 | Server | Debug | Connect | n/a | n/a | Player connected:SurvivorBase<2d1be870>
06-06 22:33:34 | Server | Debug | Connect | n/a | n/a | InvokeOnConnect:CustomMission<ed3a6460>
06-06 22:33:34 | Server | Debug | Connect | n/a | n/a | Player connected:SurvivorBase<31ab5050>
06-06 23:10:16 | Server | Debug | Connect | n/a | n/a | InvokeOnConnect:CustomMission<ee362f00>
06-06 23:10:16 | Server | Debug | Connect | n/a | n/a | Player connected:SurvivorBase<31796150>
06-06 23:14:02 | Server | Debug | Connect | n/a | n/a | InvokeOnDisconnect:CustomMission<ee362f00>
06-06 23:14:02 | Server | Debug | Connect | n/a | n/a | Player disconnected:SurvivorBase<31796150>
06-06 23:14:02 | Server | Debug | n/a | n/a | n/a | Player SurvivorBase<31796150> saved as alive
06-06 23:15:29 | Server | Debug | Connect | n/a | n/a | InvokeOnConnect:CustomMission<6d622310>
06-06 23:15:29 | Server | Debug | Connect | n/a | n/a | Player connected:SurvivorBase<ad21d140>
06-06 23:26:23 | Server | Debug | Connect | n/a | n/a | InvokeOnConnect:CustomMission<e9cd21d0>
06-06 23:26:23 | Server | Debug | Connect | n/a | n/a | Player connected:SurvivorBase<8dd7fd80>
06-06 23:30:24 | Server | Debug | Connect | n/a | n/a | InvokeOnConnect:CustomMission<6de666a0>
06-06 23:30:24 | Server | Debug | Connect | n/a | n/a | Player connected:SurvivorBase<af884080>
06-06 23:31:45 | Server | Debug | Connect | n/a | n/a | InvokeOnConnect:CustomMission<ede625f0>
06-06 23:31:45 | Server | Debug | Connect | n/a | n/a | Player connected:SurvivorBase<20c1f1d0>
06-06 23:38:12 | Server | Debug | Connect | n/a | n/a | InvokeOnDisconnect:CustomMission<ede625f0>
06-06 23:38:12 | Server | Debug | Connect | n/a | n/a | Player disconnected:SurvivorBase<20c1f1d0>
06-06 23:38:12 | Server | Debug | n/a | n/a | n/a | Player SurvivorBase<20c1f1d0> saved as alive
06-07 00:11:55 | Server | Debug | Connect | n/a | n/a | InvokeOnConnect:CustomMission<ede625f0>
06-07 00:11:55 | Server | Debug | Connect | n/a | n/a | Player connected:SurvivorBase<252c7f10>
06-07 00:12:34 | Server | Debug | Connect | n/a | n/a | InvokeOnDisconnect:CustomMission<ede625f0>
06-07 00:12:34 | Server | Debug | Connect | n/a | n/a | Player disconnected:SurvivorBase<252c7f10>
06-07 00:12:34 | Server | Debug | n/a | n/a | n/a | Player SurvivorBase<252c7f10> saved as alive
06-07 00:29:17 | Server | Debug | Connect | n/a | n/a | InvokeOnConnect:CustomMission<6d34b530>
06-07 00:29:17 | Server | Debug | Connect | n/a | n/a | Player connected:SurvivorBase<b0533110>
06-07 00:32:15 | Server | Debug | Connect | n/a | n/a | InvokeOnConnect:CustomMission<747424c0>
06-07 00:32:15 | Server | Debug | Connect | n/a | n/a | Player connected:SurvivorBase<afb69030>
06-07 00:35:32 | Server | Debug | Connect | n/a | n/a | InvokeOnConnect:CustomMission<6e3a9f40>
06-07 00:35:32 | Server | Debug | Connect | n/a | n/a | Player connected:SurvivorBase<b100c580>
06-07 00:38:37 | Server | Debug | Connect | n/a | n/a | InvokeOnConnect:CustomMission<4b62e30>
06-07 00:38:37 | Server | Debug | Connect | n/a | n/a | Player connected:SurvivorBase<2fee48e0>
06-07 00:43:02 | Server | Debug | Connect | n/a | n/a | InvokeOnConnect:CustomMission<6ce58960>
06-07 00:43:02 | Server | Debug | Connect | n/a | n/a | Player connected:SurvivorBase<b0f281d0>
06-07 00:46:58 | Server | Debug | Connect | n/a | n/a | InvokeOnConnect:CustomMission<ed263c10>
06-07 00:46:58 | Server | Debug | Connect | n/a | n/a | Player connected:SurvivorBase<2dd58ed0>
06-07 00:47:47 | Server | Debug | Connect | n/a | n/a | InvokeOnDisconnect:CustomMission<ed263c10>
06-07 00:47:47 | Server | Debug | Connect | n/a | n/a | Player disconnected:SurvivorBase<2dd58ed0>
06-07 00:47:47 | Server | Debug | n/a | n/a | n/a | Player SurvivorBase<2dd58ed0> saved as alive
06-07 01:08:08 | Server | Debug | Connect | n/a | n/a | InvokeOnConnect:CustomMission<ed263c10>
06-07 01:08:08 | Server | Debug | Connect | n/a | n/a | Player connected:SurvivorBase<312430d0>
06-07 01:08:31 | Server | Debug | Connect | n/a | n/a | InvokeOnDisconnect:CustomMission<ed263c10>
06-07 01:08:31 | Server | Debug | Connect | n/a | n/a | Player disconnected:SurvivorBase<312430d0>
06-07 01:08:31 | Server | Debug | n/a | n/a | n/a | Player SurvivorBase<312430d0> saved as alive
06-07 01:23:20 | Server | Debug | Connect | n/a | n/a | InvokeOnConnect:CustomMission<fed09ff0>
06-07 01:23:20 | Server | Debug | Connect | n/a | n/a | Player connected:SurvivorBase<3168d010>
06-07 01:32:29 | Server | Debug | Connect | n/a | n/a | InvokeOnConnect:CustomMission<ee18fa00>
06-07 01:32:29 | Server | Debug | Connect | n/a | n/a | Player connected:SurvivorBase<32c379b0>
06-07 01:34:56 | Server | Debug | recipes | n/a | n/a | Recipe Do method called
06-07 01:43:22 | Server | Debug | recipes | n/a | n/a | Recipe Do method called
06-07 01:56:47 | Server | Debug | Connect | n/a | n/a | InvokeOnDisconnect:CustomMission<ee18fa00>
06-07 01:56:47 | Server | Debug | Connect | n/a | n/a | Player disconnected:SurvivorBase<32c379b0>
06-07 01:56:47 | Server | Debug | n/a | n/a | n/a | Player SurvivorBase<32c379b0> saved as alive
06-07 21:15:31 | Server | Debug | Connect | n/a | n/a | InvokeOnConnect:CustomMission<6e188780>
06-07 21:15:31 | Server | Debug | Connect | n/a | n/a | Player connected:SurvivorBase<dd3cbec0>
06-07 21:22:43 | Server | Debug | Connect | n/a | n/a | InvokeOnDisconnect:CustomMission<6e188780>
06-07 21:22:43 | Server | Debug | Connect | n/a | n/a | Player disconnected:SurvivorBase<dd3cbec0>
06-07 21:22:43 | Server | Debug | n/a | n/a | n/a | Player SurvivorBase<dd3cbec0> saved as alive
06-07 21:42:24 | Server | Debug | Connect | n/a | n/a | InvokeOnConnect:CustomMission<6e436c40>
06-07 21:42:24 | Server | Debug | Connect | n/a | n/a | Player connected:SurvivorBase<b620a540>
06-07 21:51:30 | Server | Debug | Connect | n/a | n/a | InvokeOnConnect:CustomMission<335d0540>
06-07 21:51:30 | Server | Debug | Connect | n/a | n/a | Player connected:SurvivorBase<34c63040>
06-07 21:53:28 | Server | Debug | Connect | n/a | n/a | InvokeOnConnect:CustomMission<7f178270>
06-07 21:53:28 | Server | Debug | Connect | n/a | n/a | Player connected:SurvivorBase<bec830b0>
06-07 21:55:43 | Server | Debug | Connect | n/a | n/a | InvokeOnConnect:CustomMission<f18e7420>
06-07 21:55:43 | Server | Debug | Connect | n/a | n/a | Player connected:SurvivorBase<360ec100>
06-07 21:56:29 | Server | Debug | Connect | n/a | n/a | InvokeOnDisconnect:CustomMission<f18e7420>
06-07 21:56:29 | Server | Debug | Connect | n/a | n/a | Player disconnected:SurvivorBase<360ec100>
06-07 21:56:29 | Server | Debug | n/a | n/a | n/a | Player SurvivorBase<360ec100> saved as alive
06-07 21:56:43 | Server | Debug | Connect | n/a | n/a | InvokeOnConnect:CustomMission<f18e7420>
06-07 21:56:43 | Server | Debug | Connect | n/a | n/a | Player connected:SurvivorBase<4ad120f0>
06-07 21:59:21 | Server | Debug | Connect | n/a | n/a | InvokeOnConnect:CustomMission<ed76dcb0>
06-07 21:59:21 | Server | Debug | Connect | n/a | n/a | Player connected:SurvivorBase<34715fe0>
06-07 22:03:18 | Server | Debug | Connect | n/a | n/a | InvokeOnDisconnect:CustomMission<ed76dcb0>
06-07 22:03:18 | Server | Debug | Connect | n/a | n/a | Player disconnected:SurvivorBase<34715fe0>
06-07 22:03:18 | Server | Debug | n/a | n/a | n/a | Player SurvivorBase<34715fe0> saved as alive
06-07 22:04:27 | Server | Debug | Connect | n/a | n/a | InvokeOnConnect:CustomMission<f209c070>
06-07 22:04:27 | Server | Debug | Connect | n/a | n/a | Player connected:SurvivorBase<3ffd39b0>
06-07 22:07:59 | Server | Debug | Connect | n/a | n/a | InvokeOnConnect:CustomMission<7c1cffb0>
06-07 22:07:59 | Server | Debug | Connect | n/a | n/a | Player connected:SurvivorBase<b0caf3c0>
06-07 22:09:37 | Server | Debug | Connect | n/a | n/a | InvokeOnConnect:CustomMission<f239cc70>
06-07 22:09:37 | Server | Debug | Connect | n/a | n/a | Player connected:SurvivorBase<32a0d0b0>
06-07 22:11:37 | Server | Debug | Connect | n/a | n/a | InvokeOnConnect:CustomMission<ee8b10b0>
06-07 22:11:37 | Server | Debug | Connect | n/a | n/a | Player connected:SurvivorBase<3d9ea180>
06-07 22:17:04 | Server | Debug | Connect | n/a | n/a | InvokeOnConnect:CustomMission<71adbec0>
06-07 22:17:04 | Server | Debug | Connect | n/a | n/a | Player connected:SurvivorBase<b0206020>
06-07 22:22:47 | Server | Debug | Connect | n/a | n/a | InvokeOnConnect:CustomMission<6a7fcb80>
06-07 22:22:47 | Server | Debug | Connect | n/a | n/a | Player connected:SurvivorBase<b17c7de0>
06-07 22:24:14 | Server | Debug | Connect | n/a | n/a | InvokeOnDisconnect:CustomMission<6a7fcb80>
06-07 22:24:14 | Server | Debug | Connect | n/a | n/a | Player disconnected:SurvivorBase<b17c7de0>
06-07 22:24:14 | Server | Debug | n/a | n/a | n/a | Player SurvivorBase<b17c7de0> saved as alive
06-08 00:50:09 | Server | Debug | Connect | n/a | n/a | InvokeOnConnect:CustomMission<694e8180>
06-08 00:50:09 | Server | Debug | Connect | n/a | n/a | Player connected:SurvivorBase<abb65fa0>
06-08 01:07:32 | Server | Debug | Connect | n/a | n/a | InvokeOnConnect:CustomMission<6d845060>
06-08 01:07:32 | Server | Debug | Connect | n/a | n/a | Player connected:SurvivorBase<bbe579b0>
06-08 01:08:33 | Server | Debug | Connect | n/a | n/a | InvokeOnDisconnect:CustomMission<6d845060>
06-08 01:08:33 | Server | Debug | Connect | n/a | n/a | Player disconnected:SurvivorBase<bbe579b0>
06-08 01:08:33 | Server | Debug | n/a | n/a | n/a | Player SurvivorBase<bbe579b0> saved as alive
06-08 01:32:21 | Server | Debug | Connect | n/a | n/a | InvokeOnConnect:CustomMission<6d04e6f0>
06-08 01:32:21 | Server | Debug | Connect | n/a | n/a | Player connected:SurvivorBase<eb3b1780>
06-08 01:36:39 | Server | Debug | Connect | n/a | n/a | InvokeOnConnect:CustomMission<6d0e49c0>
06-08 01:36:39 | Server | Debug | Connect | n/a | n/a | Player connected:SurvivorBase<aeb6a040>
06-08 01:43:45 | Server | Debug | Connect | n/a | n/a | InvokeOnConnect:CustomMission<6dba1850>
06-08 01:43:45 | Server | Debug | Connect | n/a | n/a | Player connected:SurvivorBase<ecdfee70>
06-08 01:45:15 | Server | Debug | Connect | n/a | n/a | InvokeOnConnect:CustomMission<6dba1850>
06-08 01:45:15 | Server | Debug | Connect | n/a | n/a | Player connected:SurvivorBase<d3f9c010>
06-08 01:57:13 | Server | Debug | Connect | n/a | n/a | InvokeOnDisconnect:CustomMission<6dba1850>
06-08 01:57:13 | Server | Debug | Connect | n/a | n/a | Player disconnected:SurvivorBase<d3f9c010>
06-08 01:57:13 | Server | Debug | n/a | n/a | n/a | Player SurvivorBase<d3f9c010> saved as alive
06-08 02:00:30 | Server | Debug | Connect | n/a | n/a | InvokeOnConnect:CustomMission<f1b00100>
06-08 02:00:30 | Server | Debug | Connect | n/a | n/a | Player connected:SurvivorBase<368cb1f0>
06-08 02:05:25 | Server | Debug | Connect | n/a | n/a | InvokeOnDisconnect:CustomMission<f1b00100>
06-08 02:05:25 | Server | Debug | Connect | n/a | n/a | Player disconnected:SurvivorBase<368cb1f0>
06-08 02:05:25 | Server | Debug | n/a | n/a | n/a | Player SurvivorBase<368cb1f0> saved as alive
06-08 02:18:13 | Server | Debug | Connect | n/a | n/a | InvokeOnConnect:CustomMission<edd06cd0>
06-08 02:18:13 | Server | Debug | Connect | n/a | n/a | Player connected:SurvivorBase<39355040>
06-08 02:56:55 | Server | Debug | Connect | n/a | n/a | InvokeOnDisconnect:CustomMission<edd06cd0>
06-08 02:56:55 | Server | Debug | Connect | n/a | n/a | Player disconnected:SurvivorBase<39355040>
06-08 02:56:55 | Server | Debug | n/a | n/a | n/a | Player SurvivorBase<39355040> saved as alive
06-08 09:01:37 | Server | Debug | Connect | n/a | n/a | InvokeOnConnect:CustomMission<ed594440>
06-08 09:01:37 | Server | Debug | Connect | n/a | n/a | Player connected:SurvivorBase<35b550d0>
06-08 09:09:26 | Server | Debug | Connect | n/a | n/a | InvokeOnConnect:CustomMission<6a093d10>
06-08 09:09:26 | Server | Debug | Connect | n/a | n/a | Player connected:SurvivorBase<b34e1040>
06-08 11:10:17 | Server | Debug | Connect | n/a | n/a | InvokeOnConnect:CustomMission<7870e810>
06-08 11:10:17 | Server | Debug | Connect | n/a | n/a | Player connected:SurvivorBase<b26c4de0>
06-08 11:45:36 | Server | Debug | Connect | n/a | n/a | InvokeOnConnect:CustomMission<f3448b40>
06-08 11:45:36 | Server | Debug | Connect | n/a | n/a | Player connected:SurvivorBase<61c60f20>
06-08 12:17:51 | Server | Debug | Connect | n/a | n/a | InvokeOnConnect:CustomMission<eee87ac0>
06-08 12:17:51 | Server | Debug | Connect | n/a | n/a | Player connected:SurvivorBase<3f6db680>
06-08 12:20:50 | Server | Debug | Connect | n/a | n/a | InvokeOnConnect:CustomMission<f2287a40>
06-08 12:20:50 | Server | Debug | Connect | n/a | n/a | Player connected:SurvivorBase<3ceff050>
06-08 12:25:27 | Server | Debug | Connect | n/a | n/a | InvokeOnConnect:CustomMission<f1d39ce0>
06-08 12:25:27 | Server | Debug | Connect | n/a | n/a | Player connected:SurvivorBase<33f82830>
06-08 12:28:17 | Server | Debug | Connect | n/a | n/a | InvokeOnConnect:CustomMission<712cf1c0>
06-08 12:28:17 | Server | Debug | Connect | n/a | n/a | Player connected:SurvivorBase<b652d840>
06-09 22:40:10 | Server | Debug | Connect | n/a | n/a | InvokeOnConnect:CustomMission<68b0f3d0>
06-09 22:40:10 | Server | Debug | Connect | n/a | n/a | Player connected:SurvivorBase<b24d190>
06-09 22:40:16 | Server | Debug | Connect | n/a | n/a | InvokeOnDisconnect:CustomMission<68b0f3d0>
06-09 22:40:16 | Server | Debug | Connect | n/a | n/a | Player disconnected:SurvivorBase<b24d190>
06-09 22:40:16 | Server | Debug | n/a | n/a | n/a | Player SurvivorBase<b24d190> saved as alive
06-09 22:50:17 | Server | Debug | Connect | n/a | n/a | InvokeOnConnect:CustomMission<6d6835d0>
06-09 22:50:17 | Server | Debug | Connect | n/a | n/a | Player connected:SurvivorBase<b5dac040>
06-09 22:54:35 | Server | Debug | Connect | n/a | n/a | InvokeOnConnect:CustomMission<720e6380>
06-09 22:54:35 | Server | Debug | Connect | n/a | n/a | Player connected:SurvivorBase<afe61580>
06-09 22:55:46 | Server | Debug | Connect | n/a | n/a | InvokeOnConnect:CustomMission<720e6380>
06-09 22:55:46 | Server | Debug | Connect | n/a | n/a | Player connected:SurvivorBase<c9601b20>
06-09 22:59:05 | Server | Debug | Connect | n/a | n/a | InvokeOnConnect:CustomMission<e9c09940>
06-09 22:59:05 | Server | Debug | Connect | n/a | n/a | Player connected:SurvivorBase<d282f980>
06-09 23:06:42 | Server | Debug | Connect | n/a | n/a | InvokeOnDisconnect:CustomMission<e9c09940>
06-09 23:06:42 | Server | Debug | Connect | n/a | n/a | Player disconnected:SurvivorBase<d282f980>
06-09 23:06:42 | Server | Debug | n/a | n/a | n/a | Player SurvivorBase<d282f980> saved as alive
06-10 01:45:35 | Server | Debug | Connect | n/a | n/a | InvokeOnConnect:CustomMission<6d44b4b0>
06-10 01:45:35 | Server | Debug | Connect | n/a | n/a | Player connected:SurvivorBase<16908d90>
06-10 01:52:54 | Server | Debug | Connect | n/a | n/a | InvokeOnConnect:CustomMission<5ca1fc0>
06-10 01:52:54 | Server | Debug | Connect | n/a | n/a | Player connected:SurvivorBase<2edea990>
06-10 01:56:29 | Server | Debug | Connect | n/a | n/a | InvokeOnConnect:CustomMission<ecd8a580>
06-10 01:56:29 | Server | Debug | Connect | n/a | n/a | Player connected:SurvivorBase<69b068e0>
06-10 01:59:54 | Server | Debug | Connect | n/a | n/a | InvokeOnConnect:CustomMission<72791490>
06-10 01:59:54 | Server | Debug | Connect | n/a | n/a | Player connected:SurvivorBase<ac248e70>
06-10 02:03:38 | Server | Debug | Connect | n/a | n/a | InvokeOnConnect:CustomMission<6e98dad0>
06-10 02:03:38 | Server | Debug | Connect | n/a | n/a | Player connected:SurvivorBase<ecbe4b50>
06-10 02:07:06 | Server | Debug | Connect | n/a | n/a | InvokeOnConnect:CustomMission<73640f80>
06-10 02:07:06 | Server | Debug | Connect | n/a | n/a | Player connected:SurvivorBase<cd77d320>
06-10 02:11:37 | Server | Debug | Connect | n/a | n/a | InvokeOnConnect:CustomMission<ea9d4330>
06-10 02:11:37 | Server | Debug | Connect | n/a | n/a | Player connected:SurvivorBase<6e47d9e0>
06-10 02:17:38 | Server | Debug | Connect | n/a | n/a | InvokeOnConnect:CustomMission<edd381f0>
06-10 02:17:38 | Server | Debug | Connect | n/a | n/a | Player connected:SurvivorBase<4760c050>
06-10 02:20:20 | Server | Debug | Connect | n/a | n/a | InvokeOnDisconnect:CustomMission<edd381f0>
06-10 02:20:20 | Server | Debug | Connect | n/a | n/a | Player disconnected:SurvivorBase<4760c050>
06-10 02:20:20 | Server | Debug | n/a | n/a | n/a | Player SurvivorBase<4760c050> saved as alive
06-10 20:58:52 | Server | Debug | Connect | n/a | n/a | InvokeOnConnect:CustomMission<3fb692c0>
06-10 20:58:52 | Server | Debug | Connect | n/a | n/a | Player connected:SurvivorBase<4c8b9140>
06-10 21:01:24 | Server | Debug | Connect | n/a | n/a | InvokeOnConnect:CustomMission<f86724b0>
06-10 21:01:24 | Server | Debug | Connect | n/a | n/a | Player connected:SurvivorBase<37eb84c0>
06-10 21:03:30 | Server | Debug | Connect | n/a | n/a | InvokeOnConnect:CustomMission<f8edff20>
06-10 21:03:30 | Server | Debug | Connect | n/a | n/a | Player connected:SurvivorBase<29adae10>
06-10 21:05:09 | Server | Debug | Connect | n/a | n/a | InvokeOnConnect:CustomMission<be3bd690>
06-10 21:05:09 | Server | Debug | Connect | n/a | n/a | Player connected:SurvivorBase<9a4a6760>
06-10 21:13:12 | Server | Debug | Connect | n/a | n/a | InvokeOnConnect:CustomMission<3cccaa80>
06-10 21:13:12 | Server | Debug | Connect | n/a | n/a | Player connected:SurvivorBase<435b99c0>
06-10 21:15:10 | Server | Debug | Connect | n/a | n/a | InvokeOnConnect:CustomMission<6b099ba0>
06-10 21:15:10 | Server | Debug | Connect | n/a | n/a | Player connected:SurvivorBase<b7929030>
06-10 21:16:53 | Server | Debug | Connect | n/a | n/a | InvokeOnConnect:CustomMission<3f2c5d60>
06-10 21:16:53 | Server | Debug | Connect | n/a | n/a | Player connected:SurvivorBase<402f9b70>
06-10 21:19:09 | Server | Debug | Connect | n/a | n/a | InvokeOnConnect:CustomMission<78b302b0>
06-10 21:19:09 | Server | Debug | Connect | n/a | n/a | Player connected:SurvivorBase<bd060040>
06-10 21:31:24 | Server | Debug | Connect | n/a | n/a | InvokeOnConnect:CustomMission<5b665cc0>
06-10 21:31:24 | Server | Debug | Connect | n/a | n/a | Player connected:SurvivorBase<bb67f810>
